SF:lib/core/error/failures.dart
DA:6,0
DA:7,0
DA:11,0
DA:12,0
LF:4
LH:0
end_of_record
SF:lib/features/number_trivia/data/models/number_trivia_model.dart
DA:4,1
DA:7,0
DA:9,0
DA:10,0
DA:11,0
DA:12,0
DA:16,0
DA:17,0
DA:18,0
DA:21,1
DA:23,3
LF:11
LH:3
end_of_record
SF:lib/features/number_trivia/data/repositories/number_trivia_repository_impl.dart
DA:16,1
DA:22,1
DA:24,2
DA:27,2
DA:28,2
DA:29,1
DA:30,1
DA:31,2
DA:34,2
DA:35,1
DA:39,0
DA:42,0
LF:12
LH:10
end_of_record
SF:lib/features/number_trivia/domain/entities/number_trivia.dart
DA:4,1
DA:12,0
DA:14,0
DA:17,0
DA:18,0
DA:19,0
DA:20,0
LF:7
LH:1
end_of_record
